{"/mnt/e/Tech/project2/qa-auto-engineer-javascript-project-87/src/comparefiles.js": {"path":"/mnt/e/Tech/project2/qa-auto-engineer-javascript-project-87/src/comparefiles.js","all":false,"statementMap":{"0":{"start":{"line":1,"column":0},"end":{"line":1,"column":23}},"1":{"start":{"line":2,"column":0},"end":{"line":2,"column":0}},"2":{"start":{"line":3,"column":0},"end":{"line":3,"column":39}},"3":{"start":{"line":4,"column":0},"end":{"line":4,"column":29}},"4":{"start":{"line":5,"column":0},"end":{"line":5,"column":29}},"5":{"start":{"line":6,"column":0},"end":{"line":6,"column":42}},"6":{"start":{"line":7,"column":0},"end":{"line":7,"column":41}},"7":{"start":{"line":8,"column":0},"end":{"line":8,"column":20}},"8":{"start":{"line":9,"column":0},"end":{"line":9,"column":2}},"9":{"start":{"line":10,"column":0},"end":{"line":10,"column":0}},"10":{"start":{"line":11,"column":0},"end":{"line":11,"column":40}},"11":{"start":{"line":12,"column":0},"end":{"line":12,"column":43}},"12":{"start":{"line":13,"column":0},"end":{"line":13,"column":39}},"13":{"start":{"line":14,"column":0},"end":{"line":14,"column":30}},"14":{"start":{"line":15,"column":0},"end":{"line":15,"column":30}},"15":{"start":{"line":16,"column":0},"end":{"line":16,"column":50}},"16":{"start":{"line":17,"column":0},"end":{"line":17,"column":48}},"17":{"start":{"line":18,"column":0},"end":{"line":18,"column":5}},"18":{"start":{"line":19,"column":0},"end":{"line":19,"column":50}},"19":{"start":{"line":20,"column":0},"end":{"line":20,"column":46}},"20":{"start":{"line":21,"column":0},"end":{"line":21,"column":5}},"21":{"start":{"line":22,"column":0},"end":{"line":22,"column":51}},"22":{"start":{"line":23,"column":0},"end":{"line":23,"column":79}},"23":{"start":{"line":24,"column":0},"end":{"line":24,"column":5}},"24":{"start":{"line":25,"column":0},"end":{"line":25,"column":36}},"25":{"start":{"line":26,"column":0},"end":{"line":26,"column":50}},"26":{"start":{"line":27,"column":0},"end":{"line":27,"column":5}},"27":{"start":{"line":28,"column":0},"end":{"line":28,"column":12}},"28":{"start":{"line":29,"column":0},"end":{"line":29,"column":45}},"29":{"start":{"line":30,"column":0},"end":{"line":30,"column":6}},"30":{"start":{"line":31,"column":0},"end":{"line":31,"column":5}},"31":{"start":{"line":32,"column":0},"end":{"line":32,"column":19}},"32":{"start":{"line":33,"column":0},"end":{"line":33,"column":2}},"33":{"start":{"line":34,"column":0},"end":{"line":34,"column":0}},"34":{"start":{"line":35,"column":0},"end":{"line":35,"column":28}}},"s":{"0":1,"1":1,"2":1,"3":45,"4":45,"5":45,"6":45,"7":45,"8":45,"9":1,"10":1,"11":45,"12":45,"13":162,"14":162,"15":162,"16":18,"17":18,"18":162,"19":45,"20":45,"21":162,"22":36,"23":36,"24":162,"25":27,"26":27,"27":36,"28":36,"29":36,"30":45,"31":45,"32":45,"33":1,"34":1},"branchMap":{"0":{"type":"branch","line":3,"loc":{"start":{"line":3,"column":22},"end":{"line":9,"column":2}},"locations":[{"start":{"line":3,"column":22},"end":{"line":9,"column":2}}]},"1":{"type":"branch","line":11,"loc":{"start":{"line":11,"column":21},"end":{"line":33,"column":2}},"locations":[{"start":{"line":11,"column":21},"end":{"line":33,"column":2}}]},"2":{"type":"branch","line":13,"loc":{"start":{"line":13,"column":30},"end":{"line":31,"column":3}},"locations":[{"start":{"line":13,"column":30},"end":{"line":31,"column":3}}]},"3":{"type":"branch","line":16,"loc":{"start":{"line":16,"column":25},"end":{"line":16,"column":47}},"locations":[{"start":{"line":16,"column":25},"end":{"line":16,"column":47}}]},"4":{"type":"branch","line":16,"loc":{"start":{"line":16,"column":49},"end":{"line":18,"column":5}},"locations":[{"start":{"line":16,"column":49},"end":{"line":18,"column":5}}]},"5":{"type":"branch","line":18,"loc":{"start":{"line":18,"column":4},"end":{"line":19,"column":30}},"locations":[{"start":{"line":18,"column":4},"end":{"line":19,"column":30}}]},"6":{"type":"branch","line":19,"loc":{"start":{"line":19,"column":26},"end":{"line":19,"column":47}},"locations":[{"start":{"line":19,"column":26},"end":{"line":19,"column":47}}]},"7":{"type":"branch","line":19,"loc":{"start":{"line":19,"column":49},"end":{"line":21,"column":5}},"locations":[{"start":{"line":19,"column":49},"end":{"line":21,"column":5}}]},"8":{"type":"branch","line":21,"loc":{"start":{"line":21,"column":4},"end":{"line":22,"column":30}},"locations":[{"start":{"line":21,"column":4},"end":{"line":22,"column":30}}]},"9":{"type":"branch","line":22,"loc":{"start":{"line":22,"column":26},"end":{"line":22,"column":48}},"locations":[{"start":{"line":22,"column":26},"end":{"line":22,"column":48}}]},"10":{"type":"branch","line":22,"loc":{"start":{"line":22,"column":50},"end":{"line":24,"column":5}},"locations":[{"start":{"line":22,"column":50},"end":{"line":24,"column":5}}]},"11":{"type":"branch","line":24,"loc":{"start":{"line":24,"column":4},"end":{"line":25,"column":35}},"locations":[{"start":{"line":24,"column":4},"end":{"line":25,"column":35}}]},"12":{"type":"branch","line":25,"loc":{"start":{"line":25,"column":35},"end":{"line":27,"column":5}},"locations":[{"start":{"line":25,"column":35},"end":{"line":27,"column":5}}]},"13":{"type":"branch","line":27,"loc":{"start":{"line":27,"column":4},"end":{"line":31,"column":3}},"locations":[{"start":{"line":27,"column":4},"end":{"line":31,"column":3}}]}},"b":{"0":[45],"1":[45],"2":[162],"3":[117],"4":[18],"5":[144],"6":[45],"7":[45],"8":[99],"9":[45],"10":[36],"11":[63],"12":[27],"13":[36]},"fnMap":{"0":{"name":"getSortedKeys","decl":{"start":{"line":3,"column":22},"end":{"line":9,"column":2}},"loc":{"start":{"line":3,"column":22},"end":{"line":9,"column":2}},"line":3},"1":{"name":"compareFiles","decl":{"start":{"line":11,"column":21},"end":{"line":33,"column":2}},"loc":{"start":{"line":11,"column":21},"end":{"line":33,"column":2}},"line":11}},"f":{"0":45,"1":45}}
,"/mnt/e/Tech/project2/qa-auto-engineer-javascript-project-87/src/index.js": {"path":"/mnt/e/Tech/project2/qa-auto-engineer-javascript-project-87/src/index.js","all":false,"statementMap":{"0":{"start":{"line":1,"column":0},"end":{"line":1,"column":24}},"1":{"start":{"line":2,"column":0},"end":{"line":2,"column":30}},"2":{"start":{"line":3,"column":0},"end":{"line":3,"column":34}},"3":{"start":{"line":4,"column":0},"end":{"line":4,"column":31}},"4":{"start":{"line":5,"column":0},"end":{"line":5,"column":45}},"5":{"start":{"line":6,"column":0},"end":{"line":6,"column":46}},"6":{"start":{"line":7,"column":0},"end":{"line":7,"column":0}},"7":{"start":{"line":8,"column":0},"end":{"line":8,"column":72}},"8":{"start":{"line":9,"column":0},"end":{"line":9,"column":66}},"9":{"start":{"line":10,"column":0},"end":{"line":10,"column":67}},"10":{"start":{"line":11,"column":0},"end":{"line":11,"column":58}},"11":{"start":{"line":12,"column":0},"end":{"line":12,"column":0}},"12":{"start":{"line":13,"column":0},"end":{"line":13,"column":63}},"13":{"start":{"line":14,"column":0},"end":{"line":14,"column":38}},"14":{"start":{"line":15,"column":0},"end":{"line":15,"column":36}},"15":{"start":{"line":16,"column":0},"end":{"line":16,"column":38}},"16":{"start":{"line":17,"column":0},"end":{"line":17,"column":36}},"17":{"start":{"line":18,"column":0},"end":{"line":18,"column":38}},"18":{"start":{"line":19,"column":0},"end":{"line":19,"column":38}},"19":{"start":{"line":20,"column":0},"end":{"line":20,"column":46}},"20":{"start":{"line":21,"column":0},"end":{"line":21,"column":39}},"21":{"start":{"line":22,"column":0},"end":{"line":22,"column":2}},"22":{"start":{"line":23,"column":0},"end":{"line":23,"column":0}},"23":{"start":{"line":24,"column":0},"end":{"line":24,"column":23}}},"s":{"0":1,"1":1,"2":1,"3":1,"4":1,"5":1,"6":1,"7":1,"8":1,"9":1,"10":1,"11":1,"12":1,"13":9,"14":9,"15":9,"16":9,"17":9,"18":9,"19":9,"20":9,"21":9,"22":1,"23":1},"branchMap":{"0":{"type":"branch","line":8,"loc":{"start":{"line":8,"column":21},"end":{"line":8,"column":71}},"locations":[{"start":{"line":8,"column":21},"end":{"line":8,"column":71}}]},"1":{"type":"branch","line":9,"loc":{"start":{"line":9,"column":21},"end":{"line":9,"column":65}},"locations":[{"start":{"line":9,"column":21},"end":{"line":9,"column":65}}]},"2":{"type":"branch","line":10,"loc":{"start":{"line":10,"column":18},"end":{"line":10,"column":66}},"locations":[{"start":{"line":10,"column":18},"end":{"line":10,"column":66}}]},"3":{"type":"branch","line":11,"loc":{"start":{"line":11,"column":18},"end":{"line":11,"column":57}},"locations":[{"start":{"line":11,"column":18},"end":{"line":11,"column":57}}]},"4":{"type":"branch","line":13,"loc":{"start":{"line":13,"column":16},"end":{"line":22,"column":2}},"locations":[{"start":{"line":13,"column":16},"end":{"line":22,"column":2}}]}},"b":{"0":[18],"1":[18],"2":[18],"3":[18],"4":[9]},"fnMap":{"0":{"name":"getFilePath","decl":{"start":{"line":8,"column":21},"end":{"line":8,"column":71}},"loc":{"start":{"line":8,"column":21},"end":{"line":8,"column":71}},"line":8},"1":{"name":"getFileType","decl":{"start":{"line":9,"column":21},"end":{"line":9,"column":65}},"loc":{"start":{"line":9,"column":21},"end":{"line":9,"column":65}},"line":9},"2":{"name":"readFile","decl":{"start":{"line":10,"column":18},"end":{"line":10,"column":66}},"loc":{"start":{"line":10,"column":18},"end":{"line":10,"column":66}},"line":10},"3":{"name":"dataParse","decl":{"start":{"line":11,"column":18},"end":{"line":11,"column":57}},"loc":{"start":{"line":11,"column":18},"end":{"line":11,"column":57}},"line":11},"4":{"name":"gendiff","decl":{"start":{"line":13,"column":16},"end":{"line":22,"column":2}},"loc":{"start":{"line":13,"column":16},"end":{"line":22,"column":2}},"line":13}},"f":{"0":18,"1":18,"2":18,"3":18,"4":9}}
,"/mnt/e/Tech/project2/qa-auto-engineer-javascript-project-87/src/parse.js": {"path":"/mnt/e/Tech/project2/qa-auto-engineer-javascript-project-87/src/parse.js","all":false,"statementMap":{"0":{"start":{"line":1,"column":0},"end":{"line":1,"column":61}},"1":{"start":{"line":2,"column":0},"end":{"line":2,"column":27}},"2":{"start":{"line":3,"column":0},"end":{"line":3,"column":0}},"3":{"start":{"line":4,"column":0},"end":{"line":4,"column":17}},"4":{"start":{"line":5,"column":0},"end":{"line":5,"column":19}},"5":{"start":{"line":6,"column":0},"end":{"line":6,"column":18}},"6":{"start":{"line":7,"column":0},"end":{"line":7,"column":17}},"7":{"start":{"line":8,"column":0},"end":{"line":8,"column":2}},"8":{"start":{"line":9,"column":0},"end":{"line":9,"column":0}},"9":{"start":{"line":10,"column":0},"end":{"line":10,"column":34}},"10":{"start":{"line":11,"column":0},"end":{"line":11,"column":7}},"11":{"start":{"line":12,"column":0},"end":{"line":12,"column":34}},"12":{"start":{"line":13,"column":0},"end":{"line":13,"column":19}},"13":{"start":{"line":14,"column":0},"end":{"line":14,"column":39}},"14":{"start":{"line":15,"column":0},"end":{"line":15,"column":52}},"15":{"start":{"line":16,"column":0},"end":{"line":16,"column":12}},"16":{"start":{"line":17,"column":0},"end":{"line":17,"column":18}},"17":{"start":{"line":18,"column":0},"end":{"line":18,"column":5}},"18":{"start":{"line":19,"column":0},"end":{"line":19,"column":3}},"19":{"start":{"line":20,"column":0},"end":{"line":20,"column":2}},"20":{"start":{"line":21,"column":0},"end":{"line":21,"column":0}},"21":{"start":{"line":22,"column":0},"end":{"line":22,"column":21}}},"s":{"0":1,"1":1,"2":1,"3":1,"4":1,"5":1,"6":1,"7":1,"8":1,"9":1,"10":18,"11":18,"12":18,"13":0,"14":0,"15":0,"16":0,"17":0,"18":0,"19":18,"20":1,"21":1},"branchMap":{"0":{"type":"branch","line":10,"loc":{"start":{"line":10,"column":14},"end":{"line":20,"column":2}},"locations":[{"start":{"line":10,"column":14},"end":{"line":20,"column":2}}]},"1":{"type":"branch","line":13,"loc":{"start":{"line":13,"column":4},"end":{"line":19,"column":3}},"locations":[{"start":{"line":13,"column":4},"end":{"line":19,"column":3}}]}},"b":{"0":[18],"1":[0]},"fnMap":{"0":{"name":"parse","decl":{"start":{"line":10,"column":14},"end":{"line":20,"column":2}},"loc":{"start":{"line":10,"column":14},"end":{"line":20,"column":2}},"line":10}},"f":{"0":18}}
,"/mnt/e/Tech/project2/qa-auto-engineer-javascript-project-87/src/formatters/index.js": {"path":"/mnt/e/Tech/project2/qa-auto-engineer-javascript-project-87/src/formatters/index.js","all":false,"statementMap":{"0":{"start":{"line":1,"column":0},"end":{"line":1,"column":38}},"1":{"start":{"line":2,"column":0},"end":{"line":2,"column":34}},"2":{"start":{"line":3,"column":0},"end":{"line":3,"column":32}},"3":{"start":{"line":4,"column":0},"end":{"line":4,"column":0}},"4":{"start":{"line":5,"column":0},"end":{"line":5,"column":34}},"5":{"start":{"line":6,"column":0},"end":{"line":6,"column":19}},"6":{"start":{"line":7,"column":0},"end":{"line":7,"column":19}},"7":{"start":{"line":8,"column":0},"end":{"line":8,"column":30}},"8":{"start":{"line":9,"column":0},"end":{"line":9,"column":17}},"9":{"start":{"line":10,"column":0},"end":{"line":10,"column":28}},"10":{"start":{"line":11,"column":0},"end":{"line":11,"column":16}},"11":{"start":{"line":12,"column":0},"end":{"line":12,"column":27}},"12":{"start":{"line":13,"column":0},"end":{"line":13,"column":12}},"13":{"start":{"line":14,"column":0},"end":{"line":14,"column":54}},"14":{"start":{"line":15,"column":0},"end":{"line":15,"column":3}},"15":{"start":{"line":16,"column":0},"end":{"line":16,"column":2}}},"s":{"0":1,"1":1,"2":1,"3":1,"4":1,"5":9,"6":9,"7":3,"8":9,"9":3,"10":9,"11":3,"12":9,"13":0,"14":9,"15":9},"branchMap":{"0":{"type":"branch","line":5,"loc":{"start":{"line":5,"column":15},"end":{"line":16,"column":2}},"locations":[{"start":{"line":5,"column":15},"end":{"line":16,"column":2}}]},"1":{"type":"branch","line":7,"loc":{"start":{"line":7,"column":4},"end":{"line":8,"column":30}},"locations":[{"start":{"line":7,"column":4},"end":{"line":8,"column":30}}]},"2":{"type":"branch","line":9,"loc":{"start":{"line":9,"column":4},"end":{"line":10,"column":28}},"locations":[{"start":{"line":9,"column":4},"end":{"line":10,"column":28}}]},"3":{"type":"branch","line":11,"loc":{"start":{"line":11,"column":4},"end":{"line":12,"column":27}},"locations":[{"start":{"line":11,"column":4},"end":{"line":12,"column":27}}]},"4":{"type":"branch","line":13,"loc":{"start":{"line":13,"column":4},"end":{"line":14,"column":54}},"locations":[{"start":{"line":13,"column":4},"end":{"line":14,"column":54}}]}},"b":{"0":[9],"1":[3],"2":[3],"3":[3],"4":[0]},"fnMap":{"0":{"name":"default","decl":{"start":{"line":5,"column":15},"end":{"line":16,"column":2}},"loc":{"start":{"line":5,"column":15},"end":{"line":16,"column":2}},"line":5}},"f":{"0":9}}
,"/mnt/e/Tech/project2/qa-auto-engineer-javascript-project-87/src/formatters/json.js": {"path":"/mnt/e/Tech/project2/qa-auto-engineer-javascript-project-87/src/formatters/json.js","all":false,"statementMap":{"0":{"start":{"line":1,"column":0},"end":{"line":1,"column":46}}},"s":{"0":1},"branchMap":{"0":{"type":"branch","line":1,"loc":{"start":{"line":1,"column":16},"end":{"line":1,"column":45}},"locations":[{"start":{"line":1,"column":16},"end":{"line":1,"column":45}}]}},"b":{"0":[3]},"fnMap":{"0":{"name":"default","decl":{"start":{"line":1,"column":16},"end":{"line":1,"column":45}},"loc":{"start":{"line":1,"column":16},"end":{"line":1,"column":45}},"line":1}},"f":{"0":3}}
,"/mnt/e/Tech/project2/qa-auto-engineer-javascript-project-87/src/formatters/plain.js": {"path":"/mnt/e/Tech/project2/qa-auto-engineer-javascript-project-87/src/formatters/plain.js","all":false,"statementMap":{"0":{"start":{"line":1,"column":0},"end":{"line":1,"column":23}},"1":{"start":{"line":2,"column":0},"end":{"line":2,"column":0}},"2":{"start":{"line":3,"column":0},"end":{"line":3,"column":29}},"3":{"start":{"line":4,"column":0},"end":{"line":4,"column":53}},"4":{"start":{"line":5,"column":0},"end":{"line":5,"column":63}},"5":{"start":{"line":6,"column":0},"end":{"line":6,"column":2}},"6":{"start":{"line":7,"column":0},"end":{"line":7,"column":0}},"7":{"start":{"line":8,"column":0},"end":{"line":8,"column":28}},"8":{"start":{"line":9,"column":0},"end":{"line":9,"column":33}},"9":{"start":{"line":10,"column":0},"end":{"line":10,"column":24}},"10":{"start":{"line":11,"column":0},"end":{"line":11,"column":52}},"11":{"start":{"line":12,"column":0},"end":{"line":12,"column":26}},"12":{"start":{"line":13,"column":0},"end":{"line":13,"column":15}},"13":{"start":{"line":14,"column":0},"end":{"line":14,"column":48}},"14":{"start":{"line":15,"column":0},"end":{"line":15,"column":17}},"15":{"start":{"line":16,"column":0},"end":{"line":16,"column":64}},"16":{"start":{"line":17,"column":0},"end":{"line":17,"column":25}},"17":{"start":{"line":18,"column":0},"end":{"line":18,"column":24}},"18":{"start":{"line":19,"column":0},"end":{"line":19,"column":44}},"19":{"start":{"line":20,"column":0},"end":{"line":20,"column":23}},"20":{"start":{"line":21,"column":0},"end":{"line":21,"column":86}},"21":{"start":{"line":22,"column":0},"end":{"line":22,"column":25}},"22":{"start":{"line":23,"column":0},"end":{"line":23,"column":56}},"23":{"start":{"line":24,"column":0},"end":{"line":24,"column":25}},"24":{"start":{"line":25,"column":0},"end":{"line":25,"column":105}},"25":{"start":{"line":26,"column":0},"end":{"line":26,"column":18}},"26":{"start":{"line":27,"column":0},"end":{"line":27,"column":60}},"27":{"start":{"line":28,"column":0},"end":{"line":28,"column":9}},"28":{"start":{"line":29,"column":0},"end":{"line":29,"column":9}},"29":{"start":{"line":30,"column":0},"end":{"line":30,"column":34}},"30":{"start":{"line":31,"column":0},"end":{"line":31,"column":4}},"31":{"start":{"line":32,"column":0},"end":{"line":32,"column":24}},"32":{"start":{"line":33,"column":0},"end":{"line":33,"column":2}},"33":{"start":{"line":34,"column":0},"end":{"line":34,"column":0}},"34":{"start":{"line":35,"column":0},"end":{"line":35,"column":24}}},"s":{"0":1,"1":1,"2":1,"3":39,"4":39,"5":39,"6":1,"7":1,"8":3,"9":15,"10":15,"11":15,"12":45,"13":45,"14":45,"15":45,"16":45,"17":45,"18":12,"19":45,"20":15,"21":45,"22":6,"23":45,"24":12,"25":45,"26":0,"27":45,"28":15,"29":15,"30":3,"31":3,"32":3,"33":1,"34":1},"branchMap":{"0":{"type":"branch","line":3,"loc":{"start":{"line":3,"column":18},"end":{"line":6,"column":2}},"locations":[{"start":{"line":3,"column":18},"end":{"line":6,"column":2}}]},"1":{"type":"branch","line":4,"loc":{"start":{"line":4,"column":33},"end":{"line":4,"column":53}},"locations":[{"start":{"line":4,"column":33},"end":{"line":4,"column":53}}]},"2":{"type":"branch","line":4,"loc":{"start":{"line":4,"column":52},"end":{"line":5,"column":29}},"locations":[{"start":{"line":4,"column":52},"end":{"line":5,"column":29}}]},"3":{"type":"branch","line":5,"loc":{"start":{"line":5,"column":26},"end":{"line":5,"column":46}},"locations":[{"start":{"line":5,"column":26},"end":{"line":5,"column":46}}]},"4":{"type":"branch","line":5,"loc":{"start":{"line":5,"column":46},"end":{"line":5,"column":62}},"locations":[{"start":{"line":5,"column":46},"end":{"line":5,"column":62}}]},"5":{"type":"branch","line":8,"loc":{"start":{"line":8,"column":18},"end":{"line":33,"column":2}},"locations":[{"start":{"line":8,"column":18},"end":{"line":33,"column":2}}]},"6":{"type":"branch","line":9,"loc":{"start":{"line":9,"column":15},"end":{"line":31,"column":3}},"locations":[{"start":{"line":9,"column":15},"end":{"line":31,"column":3}}]},"7":{"type":"branch","line":11,"loc":{"start":{"line":11,"column":15},"end":{"line":11,"column":51}},"locations":[{"start":{"line":11,"column":15},"end":{"line":11,"column":51}}]},"8":{"type":"branch","line":12,"loc":{"start":{"line":12,"column":16},"end":{"line":29,"column":7}},"locations":[{"start":{"line":12,"column":16},"end":{"line":29,"column":7}}]},"9":{"type":"branch","line":16,"loc":{"start":{"line":16,"column":37},"end":{"line":16,"column":44}},"locations":[{"start":{"line":16,"column":37},"end":{"line":16,"column":44}}]},"10":{"type":"branch","line":16,"loc":{"start":{"line":16,"column":44},"end":{"line":16,"column":63}},"locations":[{"start":{"line":16,"column":44},"end":{"line":16,"column":63}}]},"11":{"type":"branch","line":18,"loc":{"start":{"line":18,"column":10},"end":{"line":19,"column":44}},"locations":[{"start":{"line":18,"column":10},"end":{"line":19,"column":44}}]},"12":{"type":"branch","line":20,"loc":{"start":{"line":20,"column":10},"end":{"line":21,"column":86}},"locations":[{"start":{"line":20,"column":10},"end":{"line":21,"column":86}}]},"13":{"type":"branch","line":22,"loc":{"start":{"line":22,"column":10},"end":{"line":23,"column":56}},"locations":[{"start":{"line":22,"column":10},"end":{"line":23,"column":56}}]},"14":{"type":"branch","line":24,"loc":{"start":{"line":24,"column":10},"end":{"line":25,"column":105}},"locations":[{"start":{"line":24,"column":10},"end":{"line":25,"column":105}}]},"15":{"type":"branch","line":26,"loc":{"start":{"line":26,"column":10},"end":{"line":27,"column":60}},"locations":[{"start":{"line":26,"column":10},"end":{"line":27,"column":60}}]}},"b":{"0":[39],"1":[21],"2":[18],"3":[9],"4":[9],"5":[3],"6":[15],"7":[54],"8":[45],"9":[12],"10":[33],"11":[12],"12":[15],"13":[6],"14":[12],"15":[0]},"fnMap":{"0":{"name":"getValue","decl":{"start":{"line":3,"column":18},"end":{"line":6,"column":2}},"loc":{"start":{"line":3,"column":18},"end":{"line":6,"column":2}},"line":3},"1":{"name":"getPlain","decl":{"start":{"line":8,"column":18},"end":{"line":33,"column":2}},"loc":{"start":{"line":8,"column":18},"end":{"line":33,"column":2}},"line":8},"2":{"name":"iter","decl":{"start":{"line":9,"column":15},"end":{"line":31,"column":3}},"loc":{"start":{"line":9,"column":15},"end":{"line":31,"column":3}},"line":9}},"f":{"0":39,"1":3,"2":15}}
,"/mnt/e/Tech/project2/qa-auto-engineer-javascript-project-87/src/formatters/stylish.js": {"path":"/mnt/e/Tech/project2/qa-auto-engineer-javascript-project-87/src/formatters/stylish.js","all":false,"statementMap":{"0":{"start":{"line":1,"column":0},"end":{"line":1,"column":23}},"1":{"start":{"line":2,"column":0},"end":{"line":2,"column":0}},"2":{"start":{"line":3,"column":0},"end":{"line":3,"column":106}},"3":{"start":{"line":4,"column":0},"end":{"line":4,"column":122}},"4":{"start":{"line":5,"column":0},"end":{"line":5,"column":0}},"5":{"start":{"line":6,"column":0},"end":{"line":6,"column":40}},"6":{"start":{"line":7,"column":0},"end":{"line":7,"column":42}},"7":{"start":{"line":8,"column":0},"end":{"line":8,"column":0}},"8":{"start":{"line":9,"column":0},"end":{"line":9,"column":46}},"9":{"start":{"line":10,"column":0},"end":{"line":10,"column":53}},"10":{"start":{"line":11,"column":0},"end":{"line":11,"column":44}},"11":{"start":{"line":12,"column":0},"end":{"line":12,"column":0}},"12":{"start":{"line":13,"column":0},"end":{"line":13,"column":111}},"13":{"start":{"line":14,"column":0},"end":{"line":14,"column":0}},"14":{"start":{"line":15,"column":0},"end":{"line":15,"column":65}},"15":{"start":{"line":16,"column":0},"end":{"line":16,"column":16}},"16":{"start":{"line":17,"column":0},"end":{"line":17,"column":2}},"17":{"start":{"line":18,"column":0},"end":{"line":18,"column":0}},"18":{"start":{"line":19,"column":0},"end":{"line":19,"column":30}},"19":{"start":{"line":20,"column":0},"end":{"line":20,"column":45}},"20":{"start":{"line":21,"column":0},"end":{"line":21,"column":48}},"21":{"start":{"line":22,"column":0},"end":{"line":22,"column":54}},"22":{"start":{"line":23,"column":0},"end":{"line":23,"column":50}},"23":{"start":{"line":24,"column":0},"end":{"line":24,"column":13}},"24":{"start":{"line":25,"column":0},"end":{"line":25,"column":46}},"25":{"start":{"line":26,"column":0},"end":{"line":26,"column":15}},"26":{"start":{"line":27,"column":0},"end":{"line":27,"column":23}},"27":{"start":{"line":28,"column":0},"end":{"line":28,"column":23}},"28":{"start":{"line":29,"column":0},"end":{"line":29,"column":77}},"29":{"start":{"line":30,"column":0},"end":{"line":30,"column":21}},"30":{"start":{"line":31,"column":0},"end":{"line":31,"column":77}},"31":{"start":{"line":32,"column":0},"end":{"line":32,"column":25}},"32":{"start":{"line":33,"column":0},"end":{"line":33,"column":55}},"33":{"start":{"line":34,"column":0},"end":{"line":34,"column":22}},"34":{"start":{"line":35,"column":0},"end":{"line":35,"column":74}},"35":{"start":{"line":36,"column":0},"end":{"line":36,"column":23}},"36":{"start":{"line":37,"column":0},"end":{"line":37,"column":18}},"37":{"start":{"line":38,"column":0},"end":{"line":38,"column":72}},"38":{"start":{"line":39,"column":0},"end":{"line":39,"column":72}},"39":{"start":{"line":40,"column":0},"end":{"line":40,"column":12}},"40":{"start":{"line":41,"column":0},"end":{"line":41,"column":16}},"41":{"start":{"line":42,"column":0},"end":{"line":42,"column":58}},"42":{"start":{"line":43,"column":0},"end":{"line":43,"column":7}},"43":{"start":{"line":44,"column":0},"end":{"line":44,"column":7}},"44":{"start":{"line":45,"column":0},"end":{"line":45,"column":58}},"45":{"start":{"line":46,"column":0},"end":{"line":46,"column":4}},"46":{"start":{"line":47,"column":0},"end":{"line":47,"column":20}},"47":{"start":{"line":48,"column":0},"end":{"line":48,"column":2}},"48":{"start":{"line":49,"column":0},"end":{"line":49,"column":0}},"49":{"start":{"line":50,"column":0},"end":{"line":50,"column":26}}},"s":{"0":1,"1":1,"2":1,"3":1,"4":1,"5":1,"6":72,"7":21,"8":21,"9":21,"10":21,"11":21,"12":21,"13":21,"14":21,"15":21,"16":21,"17":1,"18":1,"19":3,"20":15,"21":15,"22":15,"23":54,"24":54,"25":54,"26":54,"27":54,"28":6,"29":54,"30":15,"31":54,"32":9,"33":54,"34":12,"35":54,"36":12,"37":12,"38":12,"39":12,"40":54,"41":0,"42":54,"43":15,"44":15,"45":3,"46":3,"47":3,"48":1,"49":1},"branchMap":{"0":{"type":"branch","line":3,"loc":{"start":{"line":3,"column":23},"end":{"line":3,"column":105}},"locations":[{"start":{"line":3,"column":23},"end":{"line":3,"column":105}}]},"1":{"type":"branch","line":4,"loc":{"start":{"line":4,"column":30},"end":{"line":4,"column":121}},"locations":[{"start":{"line":4,"column":30},"end":{"line":4,"column":121}}]},"2":{"type":"branch","line":6,"loc":{"start":{"line":6,"column":18},"end":{"line":17,"column":2}},"locations":[{"start":{"line":6,"column":18},"end":{"line":17,"column":2}}]},"3":{"type":"branch","line":7,"loc":{"start":{"line":7,"column":30},"end":{"line":7,"column":42}},"locations":[{"start":{"line":7,"column":30},"end":{"line":7,"column":42}}]},"4":{"type":"branch","line":7,"loc":{"start":{"line":7,"column":41},"end":{"line":17,"column":2}},"locations":[{"start":{"line":7,"column":41},"end":{"line":17,"column":2}}]},"5":{"type":"branch","line":13,"loc":{"start":{"line":13,"column":33},"end":{"line":13,"column":109}},"locations":[{"start":{"line":13,"column":33},"end":{"line":13,"column":109}}]},"6":{"type":"branch","line":19,"loc":{"start":{"line":19,"column":20},"end":{"line":48,"column":2}},"locations":[{"start":{"line":19,"column":20},"end":{"line":48,"column":2}}]},"7":{"type":"branch","line":20,"loc":{"start":{"line":20,"column":15},"end":{"line":46,"column":3}},"locations":[{"start":{"line":20,"column":15},"end":{"line":46,"column":3}}]},"8":{"type":"branch","line":23,"loc":{"start":{"line":23,"column":40},"end":{"line":44,"column":5}},"locations":[{"start":{"line":23,"column":40},"end":{"line":44,"column":5}}]},"9":{"type":"branch","line":28,"loc":{"start":{"line":28,"column":8},"end":{"line":29,"column":77}},"locations":[{"start":{"line":28,"column":8},"end":{"line":29,"column":77}}]},"10":{"type":"branch","line":30,"loc":{"start":{"line":30,"column":8},"end":{"line":31,"column":77}},"locations":[{"start":{"line":30,"column":8},"end":{"line":31,"column":77}}]},"11":{"type":"branch","line":32,"loc":{"start":{"line":32,"column":8},"end":{"line":33,"column":55}},"locations":[{"start":{"line":32,"column":8},"end":{"line":33,"column":55}}]},"12":{"type":"branch","line":34,"loc":{"start":{"line":34,"column":8},"end":{"line":35,"column":74}},"locations":[{"start":{"line":34,"column":8},"end":{"line":35,"column":74}}]},"13":{"type":"branch","line":36,"loc":{"start":{"line":36,"column":8},"end":{"line":40,"column":12}},"locations":[{"start":{"line":36,"column":8},"end":{"line":40,"column":12}}]},"14":{"type":"branch","line":41,"loc":{"start":{"line":41,"column":8},"end":{"line":42,"column":58}},"locations":[{"start":{"line":41,"column":8},"end":{"line":42,"column":58}}]}},"b":{"0":[36],"1":[36],"2":[72],"3":[51],"4":[21],"5":[27],"6":[3],"7":[15],"8":[54],"9":[6],"10":[15],"11":[9],"12":[12],"13":[12],"14":[0]},"fnMap":{"0":{"name":"getIndentation","decl":{"start":{"line":3,"column":23},"end":{"line":3,"column":105}},"loc":{"start":{"line":3,"column":23},"end":{"line":3,"column":105}},"line":3},"1":{"name":"getBracketIndentation","decl":{"start":{"line":4,"column":30},"end":{"line":4,"column":121}},"loc":{"start":{"line":4,"column":30},"end":{"line":4,"column":121}},"line":4},"2":{"name":"stringify","decl":{"start":{"line":6,"column":18},"end":{"line":17,"column":2}},"loc":{"start":{"line":6,"column":18},"end":{"line":17,"column":2}},"line":6},"3":{"name":"getStylish","decl":{"start":{"line":19,"column":20},"end":{"line":48,"column":2}},"loc":{"start":{"line":19,"column":20},"end":{"line":48,"column":2}},"line":19},"4":{"name":"iter","decl":{"start":{"line":20,"column":15},"end":{"line":46,"column":3}},"loc":{"start":{"line":20,"column":15},"end":{"line":46,"column":3}},"line":20}},"f":{"0":36,"1":36,"2":72,"3":3,"4":15}}
}
