TN:
SF:src/comparefiles.js
FN:3,getSortedKeys
FN:11,compareFiles
FNF:2
FNH:2
FNDA:45,getSortedKeys
FNDA:45,compareFiles
DA:1,1
DA:2,1
DA:3,1
DA:4,45
DA:5,45
DA:6,45
DA:7,45
DA:8,45
DA:9,45
DA:10,1
DA:11,1
DA:12,45
DA:13,45
DA:14,162
DA:15,162
DA:16,162
DA:17,18
DA:18,18
DA:19,162
DA:20,45
DA:21,45
DA:22,162
DA:23,36
DA:24,36
DA:25,162
DA:26,27
DA:27,27
DA:28,36
DA:29,36
DA:30,36
DA:31,45
DA:32,45
DA:33,45
DA:34,1
DA:35,1
LF:35
LH:35
BRDA:3,0,0,45
BRDA:11,1,0,45
BRDA:13,2,0,162
BRDA:16,3,0,117
BRDA:16,4,0,18
BRDA:18,5,0,144
BRDA:19,6,0,45
BRDA:19,7,0,45
BRDA:21,8,0,99
BRDA:22,9,0,45
BRDA:22,10,0,36
BRDA:24,11,0,63
BRDA:25,12,0,27
BRDA:27,13,0,36
BRF:14
BRH:14
end_of_record
TN:
SF:src/index.js
FN:8,getFilePath
FN:9,getFileType
FN:10,readFile
FN:11,dataParse
FN:13,gendiff
FNF:5
FNH:5
FNDA:18,getFilePath
FNDA:18,getFileType
FNDA:18,readFile
FNDA:18,dataParse
FNDA:9,gendiff
DA:1,1
DA:2,1
DA:3,1
DA:4,1
DA:5,1
DA:6,1
DA:7,1
DA:8,1
DA:9,1
DA:10,1
DA:11,1
DA:12,1
DA:13,1
DA:14,9
DA:15,9
DA:16,9
DA:17,9
DA:18,9
DA:19,9
DA:20,9
DA:21,9
DA:22,9
DA:23,1
DA:24,1
LF:24
LH:24
BRDA:8,0,0,18
BRDA:9,1,0,18
BRDA:10,2,0,18
BRDA:11,3,0,18
BRDA:13,4,0,9
BRF:5
BRH:5
end_of_record
TN:
SF:src/parse.js
FN:10,parse
FNF:1
FNH:1
FNDA:18,parse
DA:1,1
DA:2,1
DA:3,1
DA:4,1
DA:5,1
DA:6,1
DA:7,1
DA:8,1
DA:9,1
DA:10,1
DA:11,18
DA:12,18
DA:13,18
DA:14,0
DA:15,0
DA:16,0
DA:17,0
DA:18,0
DA:19,0
DA:20,18
DA:21,1
DA:22,1
LF:22
LH:16
BRDA:10,0,0,18
BRDA:13,1,0,0
BRF:2
BRH:1
end_of_record
TN:
SF:src/formatters/index.js
FN:5,default
FNF:1
FNH:1
FNDA:9,default
DA:1,1
DA:2,1
DA:3,1
DA:4,1
DA:5,1
DA:6,9
DA:7,9
DA:8,3
DA:9,9
DA:10,3
DA:11,9
DA:12,3
DA:13,9
DA:14,0
DA:15,9
DA:16,9
LF:16
LH:15
BRDA:5,0,0,9
BRDA:7,1,0,3
BRDA:9,2,0,3
BRDA:11,3,0,3
BRDA:13,4,0,0
BRF:5
BRH:4
end_of_record
TN:
SF:src/formatters/json.js
FN:1,default
FNF:1
FNH:1
FNDA:3,default
DA:1,1
LF:1
LH:1
BRDA:1,0,0,3
BRF:1
BRH:1
end_of_record
TN:
SF:src/formatters/plain.js
FN:3,getValue
FN:8,getPlain
FN:9,iter
FNF:3
FNH:3
FNDA:39,getValue
FNDA:3,getPlain
FNDA:15,iter
DA:1,1
DA:2,1
DA:3,1
DA:4,39
DA:5,39
DA:6,39
DA:7,1
DA:8,1
DA:9,3
DA:10,15
DA:11,15
DA:12,15
DA:13,45
DA:14,45
DA:15,45
DA:16,45
DA:17,45
DA:18,45
DA:19,12
DA:20,45
DA:21,15
DA:22,45
DA:23,6
DA:24,45
DA:25,12
DA:26,45
DA:27,0
DA:28,45
DA:29,15
DA:30,15
DA:31,3
DA:32,3
DA:33,3
DA:34,1
DA:35,1
LF:35
LH:34
BRDA:3,0,0,39
BRDA:4,1,0,21
BRDA:4,2,0,18
BRDA:5,3,0,9
BRDA:5,4,0,9
BRDA:8,5,0,3
BRDA:9,6,0,15
BRDA:11,7,0,54
BRDA:12,8,0,45
BRDA:16,9,0,12
BRDA:16,10,0,33
BRDA:18,11,0,12
BRDA:20,12,0,15
BRDA:22,13,0,6
BRDA:24,14,0,12
BRDA:26,15,0,0
BRF:16
BRH:15
end_of_record
TN:
SF:src/formatters/stylish.js
FN:3,getIndentation
FN:4,getBracketIndentation
FN:6,stringify
FN:19,getStylish
FN:20,iter
FNF:5
FNH:5
FNDA:36,getIndentation
FNDA:36,getBracketIndentation
FNDA:72,stringify
FNDA:3,getStylish
FNDA:15,iter
DA:1,1
DA:2,1
DA:3,1
DA:4,1
DA:5,1
DA:6,1
DA:7,72
DA:8,21
DA:9,21
DA:10,21
DA:11,21
DA:12,21
DA:13,21
DA:14,21
DA:15,21
DA:16,21
DA:17,21
DA:18,1
DA:19,1
DA:20,3
DA:21,15
DA:22,15
DA:23,15
DA:24,54
DA:25,54
DA:26,54
DA:27,54
DA:28,54
DA:29,6
DA:30,54
DA:31,15
DA:32,54
DA:33,9
DA:34,54
DA:35,12
DA:36,54
DA:37,12
DA:38,12
DA:39,12
DA:40,12
DA:41,54
DA:42,0
DA:43,54
DA:44,15
DA:45,15
DA:46,3
DA:47,3
DA:48,3
DA:49,1
DA:50,1
LF:50
LH:49
BRDA:3,0,0,36
BRDA:4,1,0,36
BRDA:6,2,0,72
BRDA:7,3,0,51
BRDA:7,4,0,21
BRDA:13,5,0,27
BRDA:19,6,0,3
BRDA:20,7,0,15
BRDA:23,8,0,54
BRDA:28,9,0,6
BRDA:30,10,0,15
BRDA:32,11,0,9
BRDA:34,12,0,12
BRDA:36,13,0,12
BRDA:41,14,0,0
BRF:15
BRH:14
end_of_record
